c:\users\pk\desktop\wielomiany-main\wielomiany-main\wielomiany\x64\debug\vc143.pdb
c:\users\pk\desktop\wielomiany-main\wielomiany-main\wielomiany\x64\debug\vc143.idb
c:\users\pk\desktop\wielomiany-main\wielomiany-main\wielomiany\x64\debug\wielomiany.obj
c:\users\pk\desktop\wielomiany-main\wielomiany-main\wielomiany\x64\debug\wielomian.obj
c:\users\pk\desktop\wielomiany-main\wielomiany-main\wielomiany\x64\debug\wielomiany.ilk
c:\users\pk\desktop\wielomiany-main\wielomiany-main\x64\debug\wielomiany.pdb
c:\users\pk\desktop\wielomiany-main\wielomiany-main\wielomiany\x64\debug\wielomiany.tlog\cl.command.1.tlog
c:\users\pk\desktop\wielomiany-main\wielomiany-main\wielomiany\x64\debug\wielomiany.tlog\cl.items.tlog
c:\users\pk\desktop\wielomiany-main\wielomiany-main\wielomiany\x64\debug\wielomiany.tlog\cl.read.1.tlog
c:\users\pk\desktop\wielomiany-main\wielomiany-main\wielomiany\x64\debug\wielomiany.tlog\cl.write.1.tlog
c:\users\pk\desktop\wielomiany-main\wielomiany-main\wielomiany\x64\debug\wielomiany.tlog\link-cvtres.read.1.tlog
c:\users\pk\desktop\wielomiany-main\wielomiany-main\wielomiany\x64\debug\wielomiany.tlog\link-cvtres.write.1.tlog
c:\users\pk\desktop\wielomiany-main\wielomiany-main\wielomiany\x64\debug\wielomiany.tlog\link-rc.read.1.tlog
c:\users\pk\desktop\wielomiany-main\wielomiany-main\wielomiany\x64\debug\wielomiany.tlog\link-rc.write.1.tlog
c:\users\pk\desktop\wielomiany-main\wielomiany-main\wielomiany\x64\debug\wielomiany.tlog\link.25264-cvtres.read.1.tlog
c:\users\pk\desktop\wielomiany-main\wielomiany-main\wielomiany\x64\debug\wielomiany.tlog\link.25264-cvtres.write.1.tlog
c:\users\pk\desktop\wielomiany-main\wielomiany-main\wielomiany\x64\debug\wielomiany.tlog\link.25264-rc.read.1.tlog
c:\users\pk\desktop\wielomiany-main\wielomiany-main\wielomiany\x64\debug\wielomiany.tlog\link.25264-rc.write.1.tlog
c:\users\pk\desktop\wielomiany-main\wielomiany-main\wielomiany\x64\debug\wielomiany.tlog\link.25264.read.1.tlog
c:\users\pk\desktop\wielomiany-main\wielomiany-main\wielomiany\x64\debug\wielomiany.tlog\link.25264.read.2.tlog
c:\users\pk\desktop\wielomiany-main\wielomiany-main\wielomiany\x64\debug\wielomiany.tlog\link.25264.write.1.tlog
c:\users\pk\desktop\wielomiany-main\wielomiany-main\wielomiany\x64\debug\wielomiany.tlog\link.command.1.tlog
c:\users\pk\desktop\wielomiany-main\wielomiany-main\wielomiany\x64\debug\wielomiany.tlog\link.read.1.tlog
c:\users\pk\desktop\wielomiany-main\wielomiany-main\wielomiany\x64\debug\wielomiany.tlog\link.read.2.tlog
c:\users\pk\desktop\wielomiany-main\wielomiany-main\wielomiany\x64\debug\wielomiany.tlog\link.secondary.1.tlog
c:\users\pk\desktop\wielomiany-main\wielomiany-main\wielomiany\x64\debug\wielomiany.tlog\link.write.1.tlog
